\BOOKMARK [0][-]{chapter.1}{Introduction}{}% 1
\BOOKMARK [0][-]{chapter.2}{State of the Field}{}% 2
\BOOKMARK [1][-]{section.2.1}{Related Research}{chapter.2}% 3
\BOOKMARK [1][-]{section.2.2}{Related Patents}{chapter.2}% 4
\BOOKMARK [1][-]{section.2.3}{Existing Applications}{chapter.2}% 5
\BOOKMARK [0][-]{chapter.3}{Requirements}{}% 6
\BOOKMARK [1][-]{section.3.1}{Functional Requirements}{chapter.3}% 7
\BOOKMARK [1][-]{section.3.2}{Non-Functional Requirements}{chapter.3}% 8
\BOOKMARK [1][-]{section.3.3}{Design Constraints}{chapter.3}% 9
\BOOKMARK [0][-]{chapter.4}{Use Cases}{}% 10
\BOOKMARK [0][-]{chapter.5}{Activity Diagram}{}% 11
\BOOKMARK [0][-]{chapter.6}{Conceptual Model}{}% 12
\BOOKMARK [0][-]{chapter.7}{Architectural Diagram}{}% 13
\BOOKMARK [0][-]{chapter.8}{Technologies Used}{}% 14
\BOOKMARK [0][-]{chapter.9}{Design Rationale}{}% 15
\BOOKMARK [0][-]{chapter.10}{Testing Procedure}{}% 16
\BOOKMARK [0][-]{chapter.11}{Risk Analysis}{}% 17
\BOOKMARK [0][-]{chapter.12}{Ethical Analysis}{}% 18
\BOOKMARK [0][-]{chapter.13}{Development Timeline}{}% 19
\BOOKMARK [0][-]{chapter.14}{User Manual}{}% 20
\BOOKMARK [1][-]{section.14.1}{Installation}{chapter.14}% 21
\BOOKMARK [2][-]{subsection.14.1.1}{Server Setup}{section.14.1}% 22
\BOOKMARK [2][-]{subsection.14.1.2}{iPad Application Installation}{section.14.1}% 23
\BOOKMARK [1][-]{section.14.2}{Normal Use}{chapter.14}% 24
\BOOKMARK [0][-]{chapter.15}{Conclusion}{}% 25
\BOOKMARK [1][-]{section.15.1}{Results}{chapter.15}% 26
\BOOKMARK [1][-]{section.15.2}{Lessons Learned}{chapter.15}% 27
\BOOKMARK [1][-]{section.15.3}{Future Work}{chapter.15}% 28
